Using pre-set license
Built from '2020.3/release' branch; Version is '2020.3.2f1 (8fd9074bf66c) revision 9427207'; Using compiler version '192528614'; Build Type 'Release'
OS: 'Windows 10 Home; OS build 19042.985; Version 2009; 64bit' Language: 'en' Physical Memory: 8006 MB
BatchMode: 1, IsHumanControllingUs: 0, StartBugReporterOnCrash: 0, Is64bit: 1, IsPro: 0

 COMMAND LINE ARGUMENTS:
C:\Program Files\Unity\Hub\Editor\2020.3.2f1\Editor\Unity.exe
-adb2
-batchMode
-noUpm
-name
AssetImportWorker0
-projectPath
C:/Users/97253/Unity/UnityGames/TheGame/ProjectB/ProjectB
-logFile
Logs/AssetImportWorker0.log
-srvPort
51020
Successfully changed project path to: C:/Users/97253/Unity/UnityGames/TheGame/ProjectB/ProjectB
C:/Users/97253/Unity/UnityGames/TheGame/ProjectB/ProjectB
Using Asset Import Pipeline V2.
Refreshing native plugins compatible for Editor in 54.06 ms, found 2 plugins.
Preloading 0 native plugins for Editor in 0.00 ms.
Initialize engine version: 2020.3.2f1 (8fd9074bf66c)
[Subsystems] Discovering subsystems at path C:/Program Files/Unity/Hub/Editor/2020.3.2f1/Editor/Data/Resources/UnitySubsystems
[Subsystems] Discovering subsystems at path C:/Users/97253/Unity/UnityGames/TheGame/ProjectB/ProjectB/Assets
GfxDevice: creating device client; threaded=0
Direct3D:
    Version:  Direct3D 11.0 [level 11.1]
    Renderer: Intel(R) UHD Graphics 620 (ID=0x3ea0)
    Vendor:   
    VRAM:     4003 MB
    Driver:   27.20.100.8681
Initialize mono
Mono path[0] = 'C:/Program Files/Unity/Hub/Editor/2020.3.2f1/Editor/Data/Managed'
Mono path[1] = 'C:/Program Files/Unity/Hub/Editor/2020.3.2f1/Editor/Data/MonoBleedingEdge/lib/mono/unityjit'
Mono config path = 'C:/Program Files/Unity/Hub/Editor/2020.3.2f1/Editor/Data/MonoBleedingEdge/etc'
Using monoOptions --debugger-agent=transport=dt_socket,embedding=1,server=y,suspend=n,address=127.0.0.1:56484
Begin MonoManager ReloadAssembly
Registering precompiled unity dll's ...
Register platform support module: C:/Program Files/Unity/Hub/Editor/2020.3.2f1/Editor/Data/PlaybackEngines/WindowsStandaloneSupport/UnityEditor.WindowsStandalone.Extensions.dll
Registered in 0.004924 seconds.
Native extension for WindowsStandalone target not found
Refreshing native plugins compatible for Editor in 141.58 ms, found 2 plugins.
Preloading 0 native plugins for Editor in 0.00 ms.
Invoked RoslynAnalysisRunner static constructor.
RoslynAnalysisRunner will not be running.
RoslynAnalysisRunner has terminated.
Mono: successfully reloaded assembly
- Completed reload, in  3.103 seconds
Platform modules already initialized, skipping
Registering precompiled user dll's ...
Registered in 0.014715 seconds.
Begin MonoManager ReloadAssembly
Native extension for WindowsStandalone target not found
Refreshing native plugins compatible for Editor in 64.66 ms, found 2 plugins.
Preloading 0 native plugins for Editor in 0.00 ms.
Invoked RoslynAnalysisRunner static constructor.
RoslynAnalysisRunner will not be running.
RoslynAnalysisRunner has terminated.
[Unity.2D.PixelPerfect.Tests] Weaving failed: UnityEngine.UnityException: get_dataPath can only be called from the main thread.
Constructors and field initializers will be executed from the loading thread when loading a scene.
Don't use this function in the constructor or field initializers, instead move initialization code to the Awake or Start function.
  at (wrapper managed-to-native) UnityEngine.Application.get_dataPath()
  at RealmWeaver.WeaverAssemblyResolver.GetAbsolutePath (System.String assemblyPath) [0x00010] in <24f94bc818ea450b99e1ea99d21b1617>:0 
  at RealmWeaver.WeaverAssemblyResolver.Resolve (System.String assemblyPath, System.Collections.Generic.IEnumerable`1[T] references) [0x00011] in <24f94bc818ea450b99e1ea99d21b1617>:0 
  at RealmWeaver.UnityWeaver.WeaveAssemblyCore (System.String assemblyPath, System.Collections.Generic.IEnumerable`1[T] references) [0x00016] in <24f94bc818ea450b99e1ea99d21b1617>:0 
UnityEngine.StackTraceUtility:ExtractStackTrace ()
UnityEngine.DebugLogHandler:LogFormat (UnityEngine.LogType,UnityEngine.Object,string,object[])
UnityEngine.Logger:Log (UnityEngine.LogType,object)
UnityEngine.Debug:LogWarning (object)
RealmWeaver.UnityWeaver/UnityLogger:Warning (string,Mono.Cecil.Cil.SequencePoint)
RealmWeaver.UnityWeaver:WeaveAssemblyCore (string,System.Collections.Generic.IEnumerable`1<string>)
RealmWeaver.UnityWeaver/<>c__DisplayClass5_0:<WeaveAllAssemblies>b__1 ()
System.Threading.Tasks.Task`1<string>:InnerInvoke ()
System.Threading.Tasks.Task:Execute ()
System.Threading.Tasks.Task:ExecutionContextCallback (object)
System.Threading.ExecutionContext:RunInternal (System.Threading.ExecutionContext,System.Threading.ContextCallback,object,bool)
System.Threading.ExecutionContext:Run (System.Threading.ExecutionContext,System.Threading.ContextCallback,object,bool)
System.Threading.Tasks.Task:ExecuteWithThreadLocal (System.Threading.Tasks.Task&)
System.Threading.Tasks.Task:ExecuteEntry (bool)
System.Threading.Tasks.Task:System.Threading.IThreadPoolWorkItem.ExecuteWorkItem ()
System.Threading.ThreadPoolWorkQueue:Dispatch ()
System.Threading._ThreadPoolWaitCallback:PerformWaitCallback ()

[UnityEngine.UI.Tests] Weaving failed: UnityEngine.UnityException: get_dataPath can only be called from the main thread.
Constructors and field initializers will be executed from the loading thread when loading a scene.
Don't use this function in the constructor or field initializers, instead move initialization code to the Awake or Start function.
  at (wrapper managed-to-native) UnityEngine.Application.get_dataPath()
  at RealmWeaver.WeaverAssemblyResolver.GetAbsolutePath (System.String assemblyPath) [0x00010] in <24f94bc818ea450b99e1ea99d21b1617>:0 
  at RealmWeaver.WeaverAssemblyResolver.Resolve (System.String assemblyPath, System.Collections.Generic.IEnumerable`1[T] references) [0x00011] in <24f94bc818ea450b99e1ea99d21b1617>:0 
  at RealmWeaver.UnityWeaver.WeaveAssemblyCore (System.String assemblyPath, System.Collections.Generic.IEnumerable`1[T] references) [0x00016] in <24f94bc818ea450b99e1ea99d21b1617>:0 
UnityEngine.StackTraceUtility:ExtractStackTrace ()
UnityEngine.DebugLogHandler:LogFormat (UnityEngine.LogType,UnityEngine.Object,string,object[])
UnityEngine.Logger:Log (UnityEngine.LogType,object)
UnityEngine.Debug:LogWarning (object)
RealmWeaver.UnityWeaver/UnityLogger:Warning (string,Mono.Cecil.Cil.SequencePoint)
RealmWeaver.UnityWeaver:WeaveAssemblyCore (string,System.Collections.Generic.IEnumerable`1<string>)
RealmWeaver.UnityWeaver/<>c__DisplayClass5_0:<WeaveAllAssemblies>b__1 ()
System.Threading.Tasks.Task`1<string>:InnerInvoke ()
System.Threading.Tasks.Task:Execute ()
System.Threading.Tasks.Task:ExecutionContextCallback (object)
System.Threading.ExecutionContext:RunInternal (System.Threading.ExecutionContext,System.Threading.ContextCallback,object,bool)
System.Threading.ExecutionContext:Run (System.Threading.ExecutionContext,System.Threading.ContextCallback,object,bool)
System.Threading.Tasks.Task:ExecuteWithThreadLocal (System.Threading.Tasks.Task&)
System.Threading.Tasks.Task:ExecuteEntry (bool)
System.Threading.Tasks.Task:System.Threading.IThreadPoolWorkItem.ExecuteWorkItem ()
System.Threading.ThreadPoolWorkQueue:Dispatch ()
System.Threading._ThreadPoolWaitCallback:PerformWaitCallback ()

Mono: successfully reloaded assembly
- Completed reload, in  1.770 seconds
Platform modules already initialized, skipping
========================================================================
Worker process is ready to serve import requests
[Unity.TextMeshPro.Tests] Weaving failed: UnityEngine.UnityException: get_dataPath can only be called from the main thread.
Constructors and field initializers will be executed from the loading thread when loading a scene.
Don't use this function in the constructor or field initializers, instead move initialization code to the Awake or Start function.
  at (wrapper managed-to-native) UnityEngine.Application.get_dataPath()
  at RealmWeaver.WeaverAssemblyResolver.GetAbsolutePath (System.String assemblyPath) [0x00010] in <24f94bc818ea450b99e1ea99d21b1617>:0 
  at RealmWeaver.WeaverAssemblyResolver.Resolve (System.String assemblyPath, System.Collections.Generic.IEnumerable`1[T] references) [0x00011] in <24f94bc818ea450b99e1ea99d21b1617>:0 
  at RealmWeaver.UnityWeaver.WeaveAssemblyCore (System.String assemblyPath, System.Collections.Generic.IEnumerable`1[T] references) [0x00016] in <24f94bc818ea450b99e1ea99d21b1617>:0 
UnityEngine.StackTraceUtility:ExtractStackTrace ()
UnityEngine.DebugLogHandler:LogFormat (UnityEngine.LogType,UnityEngine.Object,string,object[])
UnityEngine.Logger:Log (UnityEngine.LogType,object)
UnityEngine.Debug:LogWarning (object)
RealmWeaver.UnityWeaver/UnityLogger:Warning (string,Mono.Cecil.Cil.SequencePoint)
RealmWeaver.UnityWeaver:WeaveAssemblyCore (string,System.Collections.Generic.IEnumerable`1<string>)
RealmWeaver.UnityWeaver/<>c__DisplayClass5_0:<WeaveAllAssemblies>b__1 ()
System.Threading.Tasks.Task`1<string>:InnerInvoke ()
System.Threading.Tasks.Task:Execute ()
System.Threading.Tasks.Task:ExecutionContextCallback (object)
System.Threading.ExecutionContext:RunInternal (System.Threading.ExecutionContext,System.Threading.ContextCallback,object,bool)
System.Threading.ExecutionContext:Run (System.Threading.ExecutionContext,System.Threading.ContextCallback,object,bool)
System.Threading.Tasks.Task:ExecuteWithThreadLocal (System.Threading.Tasks.Task&)
System.Threading.Tasks.Task:ExecuteEntry (bool)
System.Threading.Tasks.Task:System.Threading.IThreadPoolWorkItem.ExecuteWorkItem ()
System.Threading.ThreadPoolWorkQueue:Dispatch ()
System.Threading._ThreadPoolWaitCallback:PerformWaitCallback ()

Launched and connected shader compiler UnityShaderCompiler.exe after 0.08 seconds
Refreshing native plugins compatible for Editor in 0.74 ms, found 2 plugins.
Preloading 0 native plugins for Editor in 0.00 ms.
Unloading 1846 Unused Serialized files (Serialized files now loaded: 0)
System memory in use before: 86.5 MB.
System memory in use after: 86.5 MB.

Unloading 47 unused Assets to reduce memory usage. Loaded Objects now: 2267.
Total: 5.376100 ms (FindLiveObjects: 0.477400 ms CreateObjectMapping: 0.210100 ms MarkObjects: 4.437100 ms  DeleteObjects: 0.248200 ms)

========================================================================
Received Import Request.
  path: Assets/Scripts/UI/MenuSignUp.cs
  artifactKey: Guid(d5a43df9158742e6bf92900af1967315) Importer(815301076,1909f56bfc062723c751e8b465ee728b)
Start importing Assets/Scripts/UI/MenuSignUp.cs using Guid(d5a43df9158742e6bf92900af1967315) Importer(815301076,1909f56bfc062723c751e8b465ee728b)  -> (artifact id: '3f21cfe546676415de2551cc4fdfa2bd') in 0.063686 seconds
  Import took 0.069678 seconds .

========================================================================
Received Import Request.
  Time since last request: 0.000651 seconds.
  path: Assets/Scripts/UI/SignUp.cs
  artifactKey: Guid(89859a301369c9446a62b4343805b11b) Importer(815301076,1909f56bfc062723c751e8b465ee728b)
Start importing Assets/Scripts/UI/SignUp.cs using Guid(89859a301369c9446a62b4343805b11b) Importer(815301076,1909f56bfc062723c751e8b465ee728b)  -> (artifact id: 'c6a1ef6855fc882b89b42d24cb4cda4d') in 0.004186 seconds
  Import took 0.011240 seconds .

========================================================================
Received Import Request.
  Time since last request: 0.000625 seconds.
  path: Assets/Scripts/UI/Login.cs
  artifactKey: Guid(13283d9b50b2cfb47a46dfb3366b3fc9) Importer(815301076,1909f56bfc062723c751e8b465ee728b)
Start importing Assets/Scripts/UI/Login.cs using Guid(13283d9b50b2cfb47a46dfb3366b3fc9) Importer(815301076,1909f56bfc062723c751e8b465ee728b)  -> (artifact id: '098be07abb9683362193795021ee8e02') in 0.005114 seconds
  Import took 0.012500 seconds .

========================================================================
Received Prepare
Registering precompiled user dll's ...
Registered in 0.008329 seconds.
Begin MonoManager ReloadAssembly
Native extension for WindowsStandalone target not found
Refreshing native plugins compatible for Editor in 0.55 ms, found 2 plugins.
Preloading 0 native plugins for Editor in 0.00 ms.
Invoked RoslynAnalysisRunner static constructor.
RoslynAnalysisRunner will not be running.
RoslynAnalysisRunner has terminated.
Mono: successfully reloaded assembly
- Completed reload, in  1.016 seconds
Platform modules already initialized, skipping
Refreshing native plugins compatible for Editor in 0.63 ms, found 2 plugins.
Preloading 0 native plugins for Editor in 0.00 ms.
Unloading 1841 Unused Serialized files (Serialized files now loaded: 0)
System memory in use before: 86.5 MB.
System memory in use after: 86.5 MB.

Unloading 35 unused Assets to reduce memory usage. Loaded Objects now: 2271.
Total: 4.544800 ms (FindLiveObjects: 0.434100 ms CreateObjectMapping: 0.201600 ms MarkObjects: 3.647600 ms  DeleteObjects: 0.257400 ms)

========================================================================
Received Prepare
Registering precompiled user dll's ...
Registered in 0.009816 seconds.
Begin MonoManager ReloadAssembly
Native extension for WindowsStandalone target not found
Refreshing native plugins compatible for Editor in 0.99 ms, found 2 plugins.
Preloading 0 native plugins for Editor in 0.00 ms.
Invoked RoslynAnalysisRunner static constructor.
RoslynAnalysisRunner will not be running.
RoslynAnalysisRunner has terminated.
Mono: successfully reloaded assembly
- Completed reload, in  1.091 seconds
Platform modules already initialized, skipping
Refreshing native plugins compatible for Editor in 0.57 ms, found 2 plugins.
Preloading 0 native plugins for Editor in 0.00 ms.
Unloading 1841 Unused Serialized files (Serialized files now loaded: 0)
System memory in use before: 86.5 MB.
System memory in use after: 86.5 MB.

Unloading 35 unused Assets to reduce memory usage. Loaded Objects now: 2275.
Total: 4.644900 ms (FindLiveObjects: 0.315000 ms CreateObjectMapping: 0.120400 ms MarkObjects: 4.066600 ms  DeleteObjects: 0.141000 ms)

========================================================================
Received Prepare
Registering precompiled user dll's ...
Registered in 0.012028 seconds.
Begin MonoManager ReloadAssembly
Native extension for WindowsStandalone target not found
Refreshing native plugins compatible for Editor in 0.54 ms, found 2 plugins.
Preloading 0 native plugins for Editor in 0.00 ms.
Invoked RoslynAnalysisRunner static constructor.
RoslynAnalysisRunner will not be running.
RoslynAnalysisRunner has terminated.
Mono: successfully reloaded assembly
- Completed reload, in  1.028 seconds
Platform modules already initialized, skipping
Refreshing native plugins compatible for Editor in 0.54 ms, found 2 plugins.
Preloading 0 native plugins for Editor in 0.00 ms.
Unloading 1841 Unused Serialized files (Serialized files now loaded: 0)
System memory in use before: 86.5 MB.
System memory in use after: 86.5 MB.

Unloading 35 unused Assets to reduce memory usage. Loaded Objects now: 2279.
Total: 2.594100 ms (FindLiveObjects: 0.209500 ms CreateObjectMapping: 0.078900 ms MarkObjects: 2.165700 ms  DeleteObjects: 0.138700 ms)

========================================================================
Received Prepare
Registering precompiled user dll's ...
Registered in 0.007981 seconds.
Begin MonoManager ReloadAssembly
Native extension for WindowsStandalone target not found
Refreshing native plugins compatible for Editor in 0.60 ms, found 2 plugins.
Preloading 0 native plugins for Editor in 0.00 ms.
Invoked RoslynAnalysisRunner static constructor.
RoslynAnalysisRunner will not be running.
RoslynAnalysisRunner has terminated.
Mono: successfully reloaded assembly
- Completed reload, in  0.930 seconds
Platform modules already initialized, skipping
Refreshing native plugins compatible for Editor in 0.53 ms, found 2 plugins.
Preloading 0 native plugins for Editor in 0.00 ms.
Unloading 1841 Unused Serialized files (Serialized files now loaded: 0)
System memory in use before: 86.6 MB.
System memory in use after: 86.5 MB.

Unloading 35 unused Assets to reduce memory usage. Loaded Objects now: 2283.
Total: 3.029400 ms (FindLiveObjects: 0.340600 ms CreateObjectMapping: 0.091200 ms MarkObjects: 2.446000 ms  DeleteObjects: 0.150300 ms)

========================================================================
Received Prepare
Registering precompiled user dll's ...
Registered in 0.010488 seconds.
Begin MonoManager ReloadAssembly
Native extension for WindowsStandalone target not found
Refreshing native plugins compatible for Editor in 0.59 ms, found 2 plugins.
Preloading 0 native plugins for Editor in 0.00 ms.
Invoked RoslynAnalysisRunner static constructor.
RoslynAnalysisRunner will not be running.
RoslynAnalysisRunner has terminated.
Mono: successfully reloaded assembly
- Completed reload, in  1.032 seconds
Platform modules already initialized, skipping
Refreshing native plugins compatible for Editor in 0.56 ms, found 2 plugins.
Preloading 0 native plugins for Editor in 0.00 ms.
Unloading 1841 Unused Serialized files (Serialized files now loaded: 0)
System memory in use before: 86.6 MB.
System memory in use after: 86.6 MB.

Unloading 35 unused Assets to reduce memory usage. Loaded Objects now: 2287.
Total: 2.779400 ms (FindLiveObjects: 0.358400 ms CreateObjectMapping: 0.120000 ms MarkObjects: 2.149600 ms  DeleteObjects: 0.149900 ms)

========================================================================
Received Prepare
Registering precompiled user dll's ...
Registered in 0.009350 seconds.
Begin MonoManager ReloadAssembly
Native extension for WindowsStandalone target not found
Refreshing native plugins compatible for Editor in 0.54 ms, found 2 plugins.
Preloading 0 native plugins for Editor in 0.00 ms.
Invoked RoslynAnalysisRunner static constructor.
RoslynAnalysisRunner will not be running.
RoslynAnalysisRunner has terminated.
Mono: successfully reloaded assembly
- Completed reload, in  1.107 seconds
Platform modules already initialized, skipping
Refreshing native plugins compatible for Editor in 1.10 ms, found 2 plugins.
Preloading 0 native plugins for Editor in 0.00 ms.
Unloading 1841 Unused Serialized files (Serialized files now loaded: 0)
System memory in use before: 86.6 MB.
System memory in use after: 86.6 MB.

Unloading 35 unused Assets to reduce memory usage. Loaded Objects now: 2291.
Total: 3.391600 ms (FindLiveObjects: 0.243000 ms CreateObjectMapping: 0.150900 ms MarkObjects: 2.835600 ms  DeleteObjects: 0.160900 ms)

========================================================================
Received Prepare
Refreshing native plugins compatible for Editor in 10.01 ms, found 2 plugins.
Preloading 0 native plugins for Editor in 0.00 ms.
Unloading 33 Unused Serialized files (Serialized files now loaded: 0)
System memory in use before: 50.9 MB.
System memory in use after: 50.8 MB.

Unloading 33 unused Assets to reduce memory usage. Loaded Objects now: 2291.
Total: 3.958800 ms (FindLiveObjects: 0.300800 ms CreateObjectMapping: 0.154600 ms MarkObjects: 3.359600 ms  DeleteObjects: 0.142300 ms)

AssetImportWorkerClient::OnTransportError - code=2 error=End of file
